{"level":"info","message":"/login","timestamp":"2017-07-13T13:47:00.764Z"}
{"level":"info","message":"/auth/github","timestamp":"2017-07-13T13:47:02.746Z"}
{"level":"info","message":"/auth/github/callback?code=f4086b22b90c35a87cb3","timestamp":"2017-07-13T13:47:03.061Z"}
{"level":"info","message":"/","timestamp":"2017-07-13T13:47:03.695Z"}
{"level":"info","message":"/api/:id/clicks","timestamp":"2017-07-13T13:47:04.014Z"}
{"level":"info","message":"/api/:id/info","timestamp":"2017-07-13T13:47:04.291Z"}
{"level":"info","message":"/api/:id","timestamp":"2017-07-13T13:47:04.542Z"}
{"level":"info","message":"/logout","timestamp":"2017-07-13T13:47:06.650Z"}
{"level":"info","message":"//////////////////STARTING LOGGER INFO////////////////////////","timestamp":"2017-07-13T13:49:58.257Z"}
{"level":"info","message":"/login","timestamp":"2017-07-13T13:50:03.452Z"}
{"level":"info","message":"Cache Login or Profile","timestamp":"2017-07-13T13:50:03.453Z"}
{"level":"info","message":"/auth/github","timestamp":"2017-07-13T13:50:05.112Z"}
{"level":"info","message":"/auth/github/callback?code=20a57468838720ac1b81","timestamp":"2017-07-13T13:50:05.581Z"}
{"level":"info","message":"/","timestamp":"2017-07-13T13:50:06.203Z"}
{"level":"info","message":"/api/:id","timestamp":"2017-07-13T13:50:06.436Z"}
{"level":"info","message":"/api/:id/clicks","timestamp":"2017-07-13T13:50:06.755Z"}
{"level":"info","message":"/api/:id/info","timestamp":"2017-07-13T13:50:06.760Z"}
{"level":"info","message":"/profile","timestamp":"2017-07-13T13:50:08.553Z"}
{"level":"info","message":"Cache Login or Profile","timestamp":"2017-07-13T13:50:08.553Z"}
{"level":"info","message":"/api/:id","timestamp":"2017-07-13T13:50:08.750Z"}
{"level":"info","message":"/logout","timestamp":"2017-07-13T13:50:10.353Z"}
